ERROR - 2024-04-26 17:32:33 --> mysqli_sql_exception: Unknown column 'logitud' in 'field list' in /Applications/XAMPP/xamppfiles/htdocs/topicos2024/system/Database/MySQLi/Connection.php:308
Stack trace:
#0 /Applications/XAMPP/xamppfiles/htdocs/topicos2024/system/Database/MySQLi/Connection.php(308): mysqli->query('INSERT INTO `cl...', 0)
#1 /Applications/XAMPP/xamppfiles/htdocs/topicos2024/system/Database/BaseConnection.php(721): CodeIgniter\Database\MySQLi\Connection->execute('INSERT INTO `cl...')
#2 /Applications/XAMPP/xamppfiles/htdocs/topicos2024/system/Database/BaseConnection.php(635): CodeIgniter\Database\BaseConnection->simpleQuery('INSERT INTO `cl...')
#3 /Applications/XAMPP/xamppfiles/htdocs/topicos2024/system/Database/BaseBuilder.php(2325): CodeIgniter\Database\BaseConnection->query('INSERT INTO `cl...', Array, false)
#4 /Applications/XAMPP/xamppfiles/htdocs/topicos2024/system/Model.php(382): CodeIgniter\Database\BaseBuilder->insert()
#5 /Applications/XAMPP/xamppfiles/htdocs/topicos2024/system/BaseModel.php(840): CodeIgniter\Model->doInsert(Array)
#6 /Applications/XAMPP/xamppfiles/htdocs/topicos2024/system/Model.php(790): CodeIgniter\BaseModel->insert(Array, true)
#7 /Applications/XAMPP/xamppfiles/htdocs/topicos2024/app/Models/ClimaModel.php(98): CodeIgniter\Model->insert(Array)
#8 /Applications/XAMPP/xamppfiles/htdocs/topicos2024/app/Controllers/Clima.php(52): App\Models\ClimaModel->insertClima()
#9 /Applications/XAMPP/xamppfiles/htdocs/topicos2024/system/CodeIgniter.php(933): App\Controllers\Clima->insertClima()
#10 /Applications/XAMPP/xamppfiles/htdocs/topicos2024/system/CodeIgniter.php(509): CodeIgniter\CodeIgniter->runController(Object(App\Controllers\Clima))
#11 /Applications/XAMPP/xamppfiles/htdocs/topicos2024/system/CodeIgniter.php(355): CodeIgniter\CodeIgniter->handleRequest(NULL, Object(Config\Cache), false)
#12 /Applications/XAMPP/xamppfiles/htdocs/topicos2024/system/Boot.php(312): CodeIgniter\CodeIgniter->run()
#13 /Applications/XAMPP/xamppfiles/htdocs/topicos2024/system/Boot.php(67): CodeIgniter\Boot::runCodeIgniter(Object(CodeIgniter\CodeIgniter))
#14 /Applications/XAMPP/xamppfiles/htdocs/topicos2024/public/index.php(56): CodeIgniter\Boot::bootWeb(Object(Config\Paths))
#15 /Applications/XAMPP/xamppfiles/htdocs/topicos2024/system/Commands/Server/rewrite.php(49): require_once('/Applications/X...')
#16 {main}
CRITICAL - 2024-04-26 17:32:33 --> CodeIgniter\Database\Exceptions\DatabaseException: Unknown column 'logitud' in 'field list'
[Method: GET, Route: clima/insertClima]
in SYSTEMPATH/Database/BaseConnection.php on line 675.
 1 SYSTEMPATH/Database/BaseBuilder.php(2325): CodeIgniter\Database\BaseConnection->query('INSERT INTO `clima` (`latitud`, `logitud`, `ubicacion`, `fecha`, `hora`, `temperatura`, `humedad`, `altitud`, `sensacionTermica`, `tipo`, `CP`, `created_at`, `updated_at`) VALUES (:latitud:, :logitud:, :ubicacion:, :fecha:, :hora:, :temperatura:, :humedad:, :altitud:, :sensacionTermica:, :tipo:, :CP:, :created_at:, :updated_at:)', [...], false)
 2 SYSTEMPATH/Model.php(382): CodeIgniter\Database\BaseBuilder->insert()
 3 SYSTEMPATH/BaseModel.php(840): CodeIgniter\Model->doInsert([...])
 4 SYSTEMPATH/Model.php(790): CodeIgniter\BaseModel->insert([...], true)
 5 APPPATH/Models/ClimaModel.php(98): CodeIgniter\Model->insert([...])
 6 APPPATH/Controllers/Clima.php(52): App\Models\ClimaModel->insertClima()
 7 SYSTEMPATH/CodeIgniter.php(933): App\Controllers\Clima->insertClima()
 8 SYSTEMPATH/CodeIgniter.php(509): CodeIgniter\CodeIgniter->runController(Object(App\Controllers\Clima))
 9 SYSTEMPATH/CodeIgniter.php(355): CodeIgniter\CodeIgniter->handleRequest(null, Object(Config\Cache), false)
10 SYSTEMPATH/Boot.php(312): CodeIgniter\CodeIgniter->run()
11 SYSTEMPATH/Boot.php(67): CodeIgniter\Boot::runCodeIgniter(Object(CodeIgniter\CodeIgniter))
12 FCPATH/index.php(56): CodeIgniter\Boot::bootWeb(Object(Config\Paths))
13 SYSTEMPATH/Commands/Server/rewrite.php(49): require_once('/Applications/XAMPP/xamppfiles/htdocs/topicos2024/public/index.php')
CRITICAL - 2024-04-26 17:32:33 --> [Caused by] CodeIgniter\Database\Exceptions\DatabaseException: Unknown column 'logitud' in 'field list'
in SYSTEMPATH/Database/MySQLi/Connection.php on line 313.
 1 SYSTEMPATH/Database/BaseConnection.php(721): CodeIgniter\Database\MySQLi\Connection->execute('INSERT INTO `clima` (`latitud`, `logitud`, `ubicacion`, `fecha`, `hora`, `temperatura`, `humedad`, `altitud`, `sensacionTermica`, `tipo`, `CP`, `created_at`, `updated_at`) VALUES (\'-39.309203\', \'-39.309203\', \'Teziutlan\', \'2024-04-26\', \'05:33\', \'20\', \'70\', \'1200\', \'24\', \'\', \'91123\', \'2024-04-26 17:32:33\', \'2024-04-26 17:32:33\')')
 2 SYSTEMPATH/Database/BaseConnection.php(635): CodeIgniter\Database\BaseConnection->simpleQuery('INSERT INTO `clima` (`latitud`, `logitud`, `ubicacion`, `fecha`, `hora`, `temperatura`, `humedad`, `altitud`, `sensacionTermica`, `tipo`, `CP`, `created_at`, `updated_at`) VALUES (\'-39.309203\', \'-39.309203\', \'Teziutlan\', \'2024-04-26\', \'05:33\', \'20\', \'70\', \'1200\', \'24\', \'\', \'91123\', \'2024-04-26 17:32:33\', \'2024-04-26 17:32:33\')')
 3 SYSTEMPATH/Database/BaseBuilder.php(2325): CodeIgniter\Database\BaseConnection->query('INSERT INTO `clima` (`latitud`, `logitud`, `ubicacion`, `fecha`, `hora`, `temperatura`, `humedad`, `altitud`, `sensacionTermica`, `tipo`, `CP`, `created_at`, `updated_at`) VALUES (:latitud:, :logitud:, :ubicacion:, :fecha:, :hora:, :temperatura:, :humedad:, :altitud:, :sensacionTermica:, :tipo:, :CP:, :created_at:, :updated_at:)', [...], false)
 4 SYSTEMPATH/Model.php(382): CodeIgniter\Database\BaseBuilder->insert()
 5 SYSTEMPATH/BaseModel.php(840): CodeIgniter\Model->doInsert([...])
 6 SYSTEMPATH/Model.php(790): CodeIgniter\BaseModel->insert([...], true)
 7 APPPATH/Models/ClimaModel.php(98): CodeIgniter\Model->insert([...])
 8 APPPATH/Controllers/Clima.php(52): App\Models\ClimaModel->insertClima()
 9 SYSTEMPATH/CodeIgniter.php(933): App\Controllers\Clima->insertClima()
10 SYSTEMPATH/CodeIgniter.php(509): CodeIgniter\CodeIgniter->runController(Object(App\Controllers\Clima))
11 SYSTEMPATH/CodeIgniter.php(355): CodeIgniter\CodeIgniter->handleRequest(null, Object(Config\Cache), false)
12 SYSTEMPATH/Boot.php(312): CodeIgniter\CodeIgniter->run()
13 SYSTEMPATH/Boot.php(67): CodeIgniter\Boot::runCodeIgniter(Object(CodeIgniter\CodeIgniter))
14 FCPATH/index.php(56): CodeIgniter\Boot::bootWeb(Object(Config\Paths))
15 SYSTEMPATH/Commands/Server/rewrite.php(49): require_once('/Applications/XAMPP/xamppfiles/htdocs/topicos2024/public/index.php')
CRITICAL - 2024-04-26 17:32:33 --> [Caused by] mysqli_sql_exception: Unknown column 'logitud' in 'field list'
in SYSTEMPATH/Database/MySQLi/Connection.php on line 308.
 1 SYSTEMPATH/Database/MySQLi/Connection.php(308): mysqli->query('INSERT INTO `clima` (`latitud`, `logitud`, `ubicacion`, `fecha`, `hora`, `temperatura`, `humedad`, `altitud`, `sensacionTermica`, `tipo`, `CP`, `created_at`, `updated_at`) VALUES (\'-39.309203\', \'-39.309203\', \'Teziutlan\', \'2024-04-26\', \'05:33\', \'20\', \'70\', \'1200\', \'24\', \'\', \'91123\', \'2024-04-26 17:32:33\', \'2024-04-26 17:32:33\')', 0)
 2 SYSTEMPATH/Database/BaseConnection.php(721): CodeIgniter\Database\MySQLi\Connection->execute('INSERT INTO `clima` (`latitud`, `logitud`, `ubicacion`, `fecha`, `hora`, `temperatura`, `humedad`, `altitud`, `sensacionTermica`, `tipo`, `CP`, `created_at`, `updated_at`) VALUES (\'-39.309203\', \'-39.309203\', \'Teziutlan\', \'2024-04-26\', \'05:33\', \'20\', \'70\', \'1200\', \'24\', \'\', \'91123\', \'2024-04-26 17:32:33\', \'2024-04-26 17:32:33\')')
 3 SYSTEMPATH/Database/BaseConnection.php(635): CodeIgniter\Database\BaseConnection->simpleQuery('INSERT INTO `clima` (`latitud`, `logitud`, `ubicacion`, `fecha`, `hora`, `temperatura`, `humedad`, `altitud`, `sensacionTermica`, `tipo`, `CP`, `created_at`, `updated_at`) VALUES (\'-39.309203\', \'-39.309203\', \'Teziutlan\', \'2024-04-26\', \'05:33\', \'20\', \'70\', \'1200\', \'24\', \'\', \'91123\', \'2024-04-26 17:32:33\', \'2024-04-26 17:32:33\')')
 4 SYSTEMPATH/Database/BaseBuilder.php(2325): CodeIgniter\Database\BaseConnection->query('INSERT INTO `clima` (`latitud`, `logitud`, `ubicacion`, `fecha`, `hora`, `temperatura`, `humedad`, `altitud`, `sensacionTermica`, `tipo`, `CP`, `created_at`, `updated_at`) VALUES (:latitud:, :logitud:, :ubicacion:, :fecha:, :hora:, :temperatura:, :humedad:, :altitud:, :sensacionTermica:, :tipo:, :CP:, :created_at:, :updated_at:)', [...], false)
 5 SYSTEMPATH/Model.php(382): CodeIgniter\Database\BaseBuilder->insert()
 6 SYSTEMPATH/BaseModel.php(840): CodeIgniter\Model->doInsert([...])
 7 SYSTEMPATH/Model.php(790): CodeIgniter\BaseModel->insert([...], true)
 8 APPPATH/Models/ClimaModel.php(98): CodeIgniter\Model->insert([...])
 9 APPPATH/Controllers/Clima.php(52): App\Models\ClimaModel->insertClima()
10 SYSTEMPATH/CodeIgniter.php(933): App\Controllers\Clima->insertClima()
11 SYSTEMPATH/CodeIgniter.php(509): CodeIgniter\CodeIgniter->runController(Object(App\Controllers\Clima))
12 SYSTEMPATH/CodeIgniter.php(355): CodeIgniter\CodeIgniter->handleRequest(null, Object(Config\Cache), false)
13 SYSTEMPATH/Boot.php(312): CodeIgniter\CodeIgniter->run()
14 SYSTEMPATH/Boot.php(67): CodeIgniter\Boot::runCodeIgniter(Object(CodeIgniter\CodeIgniter))
15 FCPATH/index.php(56): CodeIgniter\Boot::bootWeb(Object(Config\Paths))
16 SYSTEMPATH/Commands/Server/rewrite.php(49): require_once('/Applications/XAMPP/xamppfiles/htdocs/topicos2024/public/index.php')
ERROR - 2024-04-26 17:33:53 --> mysqli_sql_exception: Cannot add or update a child row: a foreign key constraint fails (`webservices`.`clima`, CONSTRAINT `clima_ibfk_1` FOREIGN KEY (`tipo`) REFERENCES `tipoclima` (`idTipo`)) in /Applications/XAMPP/xamppfiles/htdocs/topicos2024/system/Database/MySQLi/Connection.php:308
Stack trace:
#0 /Applications/XAMPP/xamppfiles/htdocs/topicos2024/system/Database/MySQLi/Connection.php(308): mysqli->query('INSERT INTO `cl...', 0)
#1 /Applications/XAMPP/xamppfiles/htdocs/topicos2024/system/Database/BaseConnection.php(721): CodeIgniter\Database\MySQLi\Connection->execute('INSERT INTO `cl...')
#2 /Applications/XAMPP/xamppfiles/htdocs/topicos2024/system/Database/BaseConnection.php(635): CodeIgniter\Database\BaseConnection->simpleQuery('INSERT INTO `cl...')
#3 /Applications/XAMPP/xamppfiles/htdocs/topicos2024/system/Database/BaseBuilder.php(2325): CodeIgniter\Database\BaseConnection->query('INSERT INTO `cl...', Array, false)
#4 /Applications/XAMPP/xamppfiles/htdocs/topicos2024/system/Model.php(382): CodeIgniter\Database\BaseBuilder->insert()
#5 /Applications/XAMPP/xamppfiles/htdocs/topicos2024/system/BaseModel.php(840): CodeIgniter\Model->doInsert(Array)
#6 /Applications/XAMPP/xamppfiles/htdocs/topicos2024/system/Model.php(790): CodeIgniter\BaseModel->insert(Array, true)
#7 /Applications/XAMPP/xamppfiles/htdocs/topicos2024/app/Models/ClimaModel.php(98): CodeIgniter\Model->insert(Array)
#8 /Applications/XAMPP/xamppfiles/htdocs/topicos2024/app/Controllers/Clima.php(52): App\Models\ClimaModel->insertClima()
#9 /Applications/XAMPP/xamppfiles/htdocs/topicos2024/system/CodeIgniter.php(933): App\Controllers\Clima->insertClima()
#10 /Applications/XAMPP/xamppfiles/htdocs/topicos2024/system/CodeIgniter.php(509): CodeIgniter\CodeIgniter->runController(Object(App\Controllers\Clima))
#11 /Applications/XAMPP/xamppfiles/htdocs/topicos2024/system/CodeIgniter.php(355): CodeIgniter\CodeIgniter->handleRequest(NULL, Object(Config\Cache), false)
#12 /Applications/XAMPP/xamppfiles/htdocs/topicos2024/system/Boot.php(312): CodeIgniter\CodeIgniter->run()
#13 /Applications/XAMPP/xamppfiles/htdocs/topicos2024/system/Boot.php(67): CodeIgniter\Boot::runCodeIgniter(Object(CodeIgniter\CodeIgniter))
#14 /Applications/XAMPP/xamppfiles/htdocs/topicos2024/public/index.php(56): CodeIgniter\Boot::bootWeb(Object(Config\Paths))
#15 /Applications/XAMPP/xamppfiles/htdocs/topicos2024/system/Commands/Server/rewrite.php(49): require_once('/Applications/X...')
#16 {main}
CRITICAL - 2024-04-26 17:33:53 --> CodeIgniter\Database\Exceptions\DatabaseException: Cannot add or update a child row: a foreign key constraint fails (`webservices`.`clima`, CONSTRAINT `clima_ibfk_1` FOREIGN KEY (`tipo`) REFERENCES `tipoclima` (`idTipo`))
[Method: GET, Route: clima/insertClima]
in SYSTEMPATH/Database/BaseConnection.php on line 675.
 1 SYSTEMPATH/Database/BaseBuilder.php(2325): CodeIgniter\Database\BaseConnection->query('INSERT INTO `clima` (`latitud`, `ubicacion`, `fecha`, `hora`, `temperatura`, `humedad`, `altitud`, `sensacionTermica`, `tipo`, `CP`, `created_at`, `updated_at`) VALUES (:latitud:, :ubicacion:, :fecha:, :hora:, :temperatura:, :humedad:, :altitud:, :sensacionTermica:, :tipo:, :CP:, :created_at:, :updated_at:)', [...], false)
 2 SYSTEMPATH/Model.php(382): CodeIgniter\Database\BaseBuilder->insert()
 3 SYSTEMPATH/BaseModel.php(840): CodeIgniter\Model->doInsert([...])
 4 SYSTEMPATH/Model.php(790): CodeIgniter\BaseModel->insert([...], true)
 5 APPPATH/Models/ClimaModel.php(98): CodeIgniter\Model->insert([...])
 6 APPPATH/Controllers/Clima.php(52): App\Models\ClimaModel->insertClima()
 7 SYSTEMPATH/CodeIgniter.php(933): App\Controllers\Clima->insertClima()
 8 SYSTEMPATH/CodeIgniter.php(509): CodeIgniter\CodeIgniter->runController(Object(App\Controllers\Clima))
 9 SYSTEMPATH/CodeIgniter.php(355): CodeIgniter\CodeIgniter->handleRequest(null, Object(Config\Cache), false)
10 SYSTEMPATH/Boot.php(312): CodeIgniter\CodeIgniter->run()
11 SYSTEMPATH/Boot.php(67): CodeIgniter\Boot::runCodeIgniter(Object(CodeIgniter\CodeIgniter))
12 FCPATH/index.php(56): CodeIgniter\Boot::bootWeb(Object(Config\Paths))
13 SYSTEMPATH/Commands/Server/rewrite.php(49): require_once('/Applications/XAMPP/xamppfiles/htdocs/topicos2024/public/index.php')
CRITICAL - 2024-04-26 17:33:53 --> [Caused by] CodeIgniter\Database\Exceptions\DatabaseException: Cannot add or update a child row: a foreign key constraint fails (`webservices`.`clima`, CONSTRAINT `clima_ibfk_1` FOREIGN KEY (`tipo`) REFERENCES `tipoclima` (`idTipo`))
in SYSTEMPATH/Database/MySQLi/Connection.php on line 313.
 1 SYSTEMPATH/Database/BaseConnection.php(721): CodeIgniter\Database\MySQLi\Connection->execute('INSERT INTO `clima` (`latitud`, `ubicacion`, `fecha`, `hora`, `temperatura`, `humedad`, `altitud`, `sensacionTermica`, `tipo`, `CP`, `created_at`, `updated_at`) VALUES (\'-39.309203\', \'Teziutlan\', \'2024-04-26\', \'05:53\', \'20\', \'70\', \'1200\', \'24\', \'\', \'91123\', \'2024-04-26 17:33:53\', \'2024-04-26 17:33:53\')')
 2 SYSTEMPATH/Database/BaseConnection.php(635): CodeIgniter\Database\BaseConnection->simpleQuery('INSERT INTO `clima` (`latitud`, `ubicacion`, `fecha`, `hora`, `temperatura`, `humedad`, `altitud`, `sensacionTermica`, `tipo`, `CP`, `created_at`, `updated_at`) VALUES (\'-39.309203\', \'Teziutlan\', \'2024-04-26\', \'05:53\', \'20\', \'70\', \'1200\', \'24\', \'\', \'91123\', \'2024-04-26 17:33:53\', \'2024-04-26 17:33:53\')')
 3 SYSTEMPATH/Database/BaseBuilder.php(2325): CodeIgniter\Database\BaseConnection->query('INSERT INTO `clima` (`latitud`, `ubicacion`, `fecha`, `hora`, `temperatura`, `humedad`, `altitud`, `sensacionTermica`, `tipo`, `CP`, `created_at`, `updated_at`) VALUES (:latitud:, :ubicacion:, :fecha:, :hora:, :temperatura:, :humedad:, :altitud:, :sensacionTermica:, :tipo:, :CP:, :created_at:, :updated_at:)', [...], false)
 4 SYSTEMPATH/Model.php(382): CodeIgniter\Database\BaseBuilder->insert()
 5 SYSTEMPATH/BaseModel.php(840): CodeIgniter\Model->doInsert([...])
 6 SYSTEMPATH/Model.php(790): CodeIgniter\BaseModel->insert([...], true)
 7 APPPATH/Models/ClimaModel.php(98): CodeIgniter\Model->insert([...])
 8 APPPATH/Controllers/Clima.php(52): App\Models\ClimaModel->insertClima()
 9 SYSTEMPATH/CodeIgniter.php(933): App\Controllers\Clima->insertClima()
10 SYSTEMPATH/CodeIgniter.php(509): CodeIgniter\CodeIgniter->runController(Object(App\Controllers\Clima))
11 SYSTEMPATH/CodeIgniter.php(355): CodeIgniter\CodeIgniter->handleRequest(null, Object(Config\Cache), false)
12 SYSTEMPATH/Boot.php(312): CodeIgniter\CodeIgniter->run()
13 SYSTEMPATH/Boot.php(67): CodeIgniter\Boot::runCodeIgniter(Object(CodeIgniter\CodeIgniter))
14 FCPATH/index.php(56): CodeIgniter\Boot::bootWeb(Object(Config\Paths))
15 SYSTEMPATH/Commands/Server/rewrite.php(49): require_once('/Applications/XAMPP/xamppfiles/htdocs/topicos2024/public/index.php')
CRITICAL - 2024-04-26 17:33:53 --> [Caused by] mysqli_sql_exception: Cannot add or update a child row: a foreign key constraint fails (`webservices`.`clima`, CONSTRAINT `clima_ibfk_1` FOREIGN KEY (`tipo`) REFERENCES `tipoclima` (`idTipo`))
in SYSTEMPATH/Database/MySQLi/Connection.php on line 308.
 1 SYSTEMPATH/Database/MySQLi/Connection.php(308): mysqli->query('INSERT INTO `clima` (`latitud`, `ubicacion`, `fecha`, `hora`, `temperatura`, `humedad`, `altitud`, `sensacionTermica`, `tipo`, `CP`, `created_at`, `updated_at`) VALUES (\'-39.309203\', \'Teziutlan\', \'2024-04-26\', \'05:53\', \'20\', \'70\', \'1200\', \'24\', \'\', \'91123\', \'2024-04-26 17:33:53\', \'2024-04-26 17:33:53\')', 0)
 2 SYSTEMPATH/Database/BaseConnection.php(721): CodeIgniter\Database\MySQLi\Connection->execute('INSERT INTO `clima` (`latitud`, `ubicacion`, `fecha`, `hora`, `temperatura`, `humedad`, `altitud`, `sensacionTermica`, `tipo`, `CP`, `created_at`, `updated_at`) VALUES (\'-39.309203\', \'Teziutlan\', \'2024-04-26\', \'05:53\', \'20\', \'70\', \'1200\', \'24\', \'\', \'91123\', \'2024-04-26 17:33:53\', \'2024-04-26 17:33:53\')')
 3 SYSTEMPATH/Database/BaseConnection.php(635): CodeIgniter\Database\BaseConnection->simpleQuery('INSERT INTO `clima` (`latitud`, `ubicacion`, `fecha`, `hora`, `temperatura`, `humedad`, `altitud`, `sensacionTermica`, `tipo`, `CP`, `created_at`, `updated_at`) VALUES (\'-39.309203\', \'Teziutlan\', \'2024-04-26\', \'05:53\', \'20\', \'70\', \'1200\', \'24\', \'\', \'91123\', \'2024-04-26 17:33:53\', \'2024-04-26 17:33:53\')')
 4 SYSTEMPATH/Database/BaseBuilder.php(2325): CodeIgniter\Database\BaseConnection->query('INSERT INTO `clima` (`latitud`, `ubicacion`, `fecha`, `hora`, `temperatura`, `humedad`, `altitud`, `sensacionTermica`, `tipo`, `CP`, `created_at`, `updated_at`) VALUES (:latitud:, :ubicacion:, :fecha:, :hora:, :temperatura:, :humedad:, :altitud:, :sensacionTermica:, :tipo:, :CP:, :created_at:, :updated_at:)', [...], false)
 5 SYSTEMPATH/Model.php(382): CodeIgniter\Database\BaseBuilder->insert()
 6 SYSTEMPATH/BaseModel.php(840): CodeIgniter\Model->doInsert([...])
 7 SYSTEMPATH/Model.php(790): CodeIgniter\BaseModel->insert([...], true)
 8 APPPATH/Models/ClimaModel.php(98): CodeIgniter\Model->insert([...])
 9 APPPATH/Controllers/Clima.php(52): App\Models\ClimaModel->insertClima()
10 SYSTEMPATH/CodeIgniter.php(933): App\Controllers\Clima->insertClima()
11 SYSTEMPATH/CodeIgniter.php(509): CodeIgniter\CodeIgniter->runController(Object(App\Controllers\Clima))
12 SYSTEMPATH/CodeIgniter.php(355): CodeIgniter\CodeIgniter->handleRequest(null, Object(Config\Cache), false)
13 SYSTEMPATH/Boot.php(312): CodeIgniter\CodeIgniter->run()
14 SYSTEMPATH/Boot.php(67): CodeIgniter\Boot::runCodeIgniter(Object(CodeIgniter\CodeIgniter))
15 FCPATH/index.php(56): CodeIgniter\Boot::bootWeb(Object(Config\Paths))
16 SYSTEMPATH/Commands/Server/rewrite.php(49): require_once('/Applications/XAMPP/xamppfiles/htdocs/topicos2024/public/index.php')
CRITICAL - 2024-04-26 17:42:12 --> ErrorException: Undefined array key "cp"
[Method: POST, Route: clima/insertClima]
in APPPATH/Controllers/Clima.php on line 69.
 1 APPPATH/Controllers/Clima.php(69): CodeIgniter\Debug\Exceptions->errorHandler(2, 'Undefined array key "cp"', '/Applications/XAMPP/xamppfiles/htdocs/topicos2024/app/Controllers/Clima.php', 69)
 2 SYSTEMPATH/CodeIgniter.php(933): App\Controllers\Clima->insertClima()
 3 SYSTEMPATH/CodeIgniter.php(509): CodeIgniter\CodeIgniter->runController(Object(App\Controllers\Clima))
 4 SYSTEMPATH/CodeIgniter.php(355): CodeIgniter\CodeIgniter->handleRequest(null, Object(Config\Cache), false)
 5 SYSTEMPATH/Boot.php(312): CodeIgniter\CodeIgniter->run()
 6 SYSTEMPATH/Boot.php(67): CodeIgniter\Boot::runCodeIgniter(Object(CodeIgniter\CodeIgniter))
 7 FCPATH/index.php(56): CodeIgniter\Boot::bootWeb(Object(Config\Paths))
 8 SYSTEMPATH/Commands/Server/rewrite.php(49): require_once('/Applications/XAMPP/xamppfiles/htdocs/topicos2024/public/index.php')
CRITICAL - 2024-04-26 17:42:42 --> ArgumentCountError: Too few arguments to function App\Models\ClimaModel::insertClima(), 0 passed in /Applications/XAMPP/xamppfiles/htdocs/topicos2024/app/Controllers/Clima.php on line 73 and exactly 1 expected
[Method: POST, Route: clima/insertClima]
in APPPATH/Models/ClimaModel.php on line 83.
 1 APPPATH/Controllers/Clima.php(73): App\Models\ClimaModel->insertClima()
 2 SYSTEMPATH/CodeIgniter.php(933): App\Controllers\Clima->insertClima()
 3 SYSTEMPATH/CodeIgniter.php(509): CodeIgniter\CodeIgniter->runController(Object(App\Controllers\Clima))
 4 SYSTEMPATH/CodeIgniter.php(355): CodeIgniter\CodeIgniter->handleRequest(null, Object(Config\Cache), false)
 5 SYSTEMPATH/Boot.php(312): CodeIgniter\CodeIgniter->run()
 6 SYSTEMPATH/Boot.php(67): CodeIgniter\Boot::runCodeIgniter(Object(CodeIgniter\CodeIgniter))
 7 FCPATH/index.php(56): CodeIgniter\Boot::bootWeb(Object(Config\Paths))
 8 SYSTEMPATH/Commands/Server/rewrite.php(49): require_once('/Applications/XAMPP/xamppfiles/htdocs/topicos2024/public/index.php')
